Сборка начата 21.10.2023 15:17:29.
Уровень детализации журнала: Normal.     1>Проект "D:\Учёба\3сем\КПО\Лабы\SE_Asm01\SE_Asm01.vcxproj" в узле 2 (целевые объекты Build).
     1>InitializeBuildStatus:
         Обращение к "x64\Debug\SE_Asm01.tlog\unsuccessfulbuild".
       _MASM:
         Assembling asm1.asm...
         cmd.exe /C "C:\Users\HP\AppData\Local\Temp\tmp093bd71547254d7e818223b55df4ea14.cmd"
         ml64.exe /c /nologo /Zi /Fo"x64\Debug\asm1.obj" /W3 /errorReport:prompt  /Taasm1.asm
     1>asm1.asm(1): error A2008: syntax error : .
     1>asm1.asm(2): error A2008: syntax error : .
     1>asm1.asm(8): error A2008: syntax error : .
     1>asm1.asm(23): error A2070: invalid instruction operands
     1>asm1.asm(24): error A2070: invalid instruction operands
     1>asm1.asm(25): error A2070: invalid instruction operands
     1>asm1.asm(31): error A2008: syntax error : main
     1>asm1.asm(31): error A2088: END directive required at end of file
     1>C:\Program Files\Microsoft Visual Studio\2022\Community\MSBuild\Microsoft\VC\v170\BuildCustomizations\masm.targets(70,5): error MSB3721: выход из команды "ml64.exe /c /nologo /Zi /Fo"x64\Debug\asm1.obj" /W3 /errorReport:prompt  /Taasm1.asm" с кодом "1".
     1>Сборка проекта "D:\Учёба\3сем\КПО\Лабы\SE_Asm01\SE_Asm01.vcxproj" завершена (целевые объекты Build) с ошибкой.

Ошибка сборки.

       "D:\Учёба\3сем\КПО\Лабы\SE_Asm01\SE_Asm01.vcxproj" (целевой объект Build ) (1) ->
       (Целевой объект _MASM) -> 
         asm1.asm(1): error A2008: syntax error : .
         asm1.asm(2): error A2008: syntax error : .
         asm1.asm(8): error A2008: syntax error : .
         asm1.asm(23): error A2070: invalid instruction operands
         asm1.asm(24): error A2070: invalid instruction operands
         asm1.asm(25): error A2070: invalid instruction operands
         asm1.asm(31): error A2008: syntax error : main
         asm1.asm(31): error A2088: END directive required at end of file
         C:\Program Files\Microsoft Visual Studio\2022\Community\MSBuild\Microsoft\VC\v170\BuildCustomizations\masm.targets(70,5): error MSB3721: выход из команды "ml64.exe /c /nologo /Zi /Fo"x64\Debug\asm1.obj" /W3 /errorReport:prompt  /Taasm1.asm" с кодом "1".

    Предупреждений: 0
    Ошибок: 9

Прошло времени 00:00:00.20
