Сборка начата 23.10.2023 23:51:14.
Уровень детализации журнала: Normal.     1>Проект "D:\Учёба\3сем\КПО\Лабы\SE_Asm2\SE_Asm2.vcxproj" в узле 2 (целевые объекты Build).
     1>PrepareForBuild:
         Создание каталога "x64\Debug\SE_Asm2.tlog\".
       InitializeBuildStatus:
         Создание "x64\Debug\SE_Asm2.tlog\unsuccessfulbuild", так как было задано "AlwaysCreate".
       _MASM:
         Assembling lab2.asm...
         cmd.exe /C "C:\Users\HP\AppData\Local\Temp\tmp98eec09835a24f249999b2733e9c5b4c.cmd"
         ml64.exe /c /nologo /Zi /Fo"x64\Debug\lab2.obj" /W3 /errorReport:prompt  /Talab2.asm
     1>lab2.asm(1): error A2008: syntax error : .
     1>lab2.asm(2): error A2008: syntax error : .
     1>lab2.asm(8): error A2008: syntax error : .
     1>lab2.asm(23): error A2070: invalid instruction operands
     1>lab2.asm(24): error A2070: invalid instruction operands
     1>lab2.asm(25): error A2070: invalid instruction operands
     1>lab2.asm(31): error A2008: syntax error : main
     1>lab2.asm(31): error A2088: END directive required at end of file
     1>C:\Program Files\Microsoft Visual Studio\2022\Community\MSBuild\Microsoft\VC\v170\BuildCustomizations\masm.targets(70,5): error MSB3721: выход из команды "ml64.exe /c /nologo /Zi /Fo"x64\Debug\lab2.obj" /W3 /errorReport:prompt  /Talab2.asm" с кодом "1".
     1>Сборка проекта "D:\Учёба\3сем\КПО\Лабы\SE_Asm2\SE_Asm2.vcxproj" завершена (целевые объекты Build) с ошибкой.

Ошибка сборки.

       "D:\Учёба\3сем\КПО\Лабы\SE_Asm2\SE_Asm2.vcxproj" (целевой объект Build ) (1) ->
       (Целевой объект _MASM) -> 
         lab2.asm(1): error A2008: syntax error : .
         lab2.asm(2): error A2008: syntax error : .
         lab2.asm(8): error A2008: syntax error : .
         lab2.asm(23): error A2070: invalid instruction operands
         lab2.asm(24): error A2070: invalid instruction operands
         lab2.asm(25): error A2070: invalid instruction operands
         lab2.asm(31): error A2008: syntax error : main
         lab2.asm(31): error A2088: END directive required at end of file
         C:\Program Files\Microsoft Visual Studio\2022\Community\MSBuild\Microsoft\VC\v170\BuildCustomizations\masm.targets(70,5): error MSB3721: выход из команды "ml64.exe /c /nologo /Zi /Fo"x64\Debug\lab2.obj" /W3 /errorReport:prompt  /Talab2.asm" с кодом "1".

    Предупреждений: 0
    Ошибок: 9

Прошло времени 00:00:00.62
