Сборка начата 04.11.2023 10:35:11.
Уровень детализации журнала: Normal.     1>Проект "D:\Учёба\3сем\КПО\Лабы\Serialization and Deserialization\Des_Asm\Des_Asm.vcxproj" в узле 2 (целевые объекты Build).
     1>InitializeBuildStatus:
         Обращение к "x64\Debug\Des_Asm.tlog\unsuccessfulbuild".
       _MASM:
         Assembling des.asm...
         cmd.exe /C "C:\Users\HP\AppData\Local\Temp\tmp267a3818c033430c921af933a0c5396c.cmd"
         ml64.exe /c /nologo /Zi /Fo"x64\Debug\des.obj" /Fl"x64\Debug\\" /W3 /errorReport:prompt  /Tades.asm
     1>des.asm(1): error A2008: syntax error : .
     1>des.asm(2): error A2008: syntax error : .
     1>des.asm(8): error A2008: syntax error : .
     1>des.asm(23): error A2070: invalid instruction operands
     1>des.asm(24): error A2070: invalid instruction operands
     1>des.asm(25): error A2070: invalid instruction operands
     1>des.asm(31): error A2008: syntax error : main
     1>des.asm(31): error A2088: END directive required at end of file
     1>C:\Program Files\Microsoft Visual Studio\2022\Community\MSBuild\Microsoft\VC\v170\BuildCustomizations\masm.targets(70,5): error MSB3721: выход из команды "ml64.exe /c /nologo /Zi /Fo"x64\Debug\des.obj" /Fl"x64\Debug\\" /W3 /errorReport:prompt  /Tades.asm" с кодом "1".
     1>Сборка проекта "D:\Учёба\3сем\КПО\Лабы\Serialization and Deserialization\Des_Asm\Des_Asm.vcxproj" завершена (целевые объекты Build) с ошибкой.

Ошибка сборки.

       "D:\Учёба\3сем\КПО\Лабы\Serialization and Deserialization\Des_Asm\Des_Asm.vcxproj" (целевой объект Build ) (1) ->
       (Целевой объект _MASM) -> 
         des.asm(1): error A2008: syntax error : .
         des.asm(2): error A2008: syntax error : .
         des.asm(8): error A2008: syntax error : .
         des.asm(23): error A2070: invalid instruction operands
         des.asm(24): error A2070: invalid instruction operands
         des.asm(25): error A2070: invalid instruction operands
         des.asm(31): error A2008: syntax error : main
         des.asm(31): error A2088: END directive required at end of file
         C:\Program Files\Microsoft Visual Studio\2022\Community\MSBuild\Microsoft\VC\v170\BuildCustomizations\masm.targets(70,5): error MSB3721: выход из команды "ml64.exe /c /nologo /Zi /Fo"x64\Debug\des.obj" /Fl"x64\Debug\\" /W3 /errorReport:prompt  /Tades.asm" с кодом "1".

    Предупреждений: 0
    Ошибок: 9

Прошло времени 00:00:00.27
